<?xml version="1.0" encoding="UTF-8"?>
<testsuite name="sistemaasistencias.SemanaServiceSpec" tests="5" skipped="0" failures="0" errors="0" timestamp="2019-11-02T00:41:45" hostname="DESKTOP-D9KFQA8" time="18.838">
  <properties/>
  <testcase name="test get" classname="sistemaasistencias.SemanaServiceSpec" time="18.46"/>
  <testcase name="test list" classname="sistemaasistencias.SemanaServiceSpec" time="0.175"/>
  <testcase name="test count" classname="sistemaasistencias.SemanaServiceSpec" time="0.029"/>
  <testcase name="test delete" classname="sistemaasistencias.SemanaServiceSpec" time="0.159"/>
  <testcase name="test save" classname="sistemaasistencias.SemanaServiceSpec" time="0.015"/>
  <system-out><![CDATA[21:41:42,768 |-INFO in ch.qos.logback.classic.LoggerContext[default] - Could NOT find resource [logback-test.xml]
21:41:42,768 |-INFO in ch.qos.logback.classic.LoggerContext[default] - Found resource [logback.groovy] at [file:/C:/Users/Nicol/git/FIUBA_SistemaAsistencias/build/resources/integrationTest/logback.groovy]
21:41:42,768 |-WARN in ch.qos.logback.classic.LoggerContext[default] - Resource [logback.groovy] occurs multiple times on the classpath.
21:41:42,768 |-WARN in ch.qos.logback.classic.LoggerContext[default] - Resource [logback.groovy] occurs at [file:/C:/Users/Nicol/git/FIUBA_SistemaAsistencias/build/resources/main/logback.groovy]
21:41:42,768 |-WARN in ch.qos.logback.classic.LoggerContext[default] - Resource [logback.groovy] occurs at [file:/C:/Users/Nicol/git/FIUBA_SistemaAsistencias/build/resources/integrationTest/logback.groovy]
21:41:44,388 |-INFO in ch.qos.logback.classic.gaffer.ConfigurationDelegate@73844224 - registering conversion word clr with class [org.springframework.boot.logging.logback.ColorConverter]
21:41:44,420 |-INFO in ch.qos.logback.classic.gaffer.ConfigurationDelegate@73844224 - registering conversion word wex with class [org.springframework.boot.logging.logback.WhitespaceThrowableProxyConverter]
21:41:44,435 |-INFO in ch.qos.logback.classic.gaffer.ConfigurationDelegate@73844224 - About to instantiate appender of type [ch.qos.logback.core.ConsoleAppender]
21:41:44,435 |-INFO in ch.qos.logback.classic.gaffer.ConfigurationDelegate@73844224 - Naming appender as [STDOUT]
21:41:44,645 |-INFO in ch.qos.logback.classic.gaffer.ConfigurationDelegate@73844224 - Setting level of logger [ROOT] to ERROR
21:41:44,660 |-INFO in ch.qos.logback.classic.gaffer.ConfigurationDelegate@73844224 - Attaching appender named [STDOUT] to Logger[ROOT]

Grails application running at http://localhost:52097 in environment: test
]]></system-out>
  <system-err><![CDATA[]]></system-err>
</testsuite>
