<?xml version="1.0" encoding="UTF-8"?>
<testsuite name="sistemaasistencias.CalendarioAcademicoSpec" tests="1" skipped="0" failures="0" errors="0" timestamp="2019-11-03T17:12:50" hostname="DESKTOP-D9KFQA8" time="0.006">
  <properties/>
  <testcase name="Al crear un calendario academico este se crea vacio" classname="sistemaasistencias.CalendarioAcademicoSpec" time="0.006"/>
  <system-out><![CDATA[]]></system-out>
  <system-err><![CDATA[]]></system-err>
</testsuite>
